  Account.cpp
  正在生成代码...
  正在编译...
  LoginNetAgent.cpp
  CenterApp.cpp
  正在生成代码...
pkg.lib(wire_format_lite.obj) : warning LNK4099: 未找到 PDB“libprotobuf-lite.pdb”(使用“pkg.lib(wire_format_lite.obj)”或在“D:\src\FF\S\bin\Debug\libprotobuf-lite.pdb”中寻找)；正在链接对象，如同没有调试信息一样
pkg.lib(structurally_valid.obj) : warning LNK4099: 未找到 PDB“libprotobuf-lite.pdb”(使用“pkg.lib(structurally_valid.obj)”或在“D:\src\FF\S\bin\Debug\libprotobuf-lite.pdb”中寻找)；正在链接对象，如同没有调试信息一样
pkg.lib(stringprintf.obj) : warning LNK4099: 未找到 PDB“libprotobuf-lite.pdb”(使用“pkg.lib(stringprintf.obj)”或在“D:\src\FF\S\bin\Debug\libprotobuf-lite.pdb”中寻找)；正在链接对象，如同没有调试信息一样
pkg.lib(stringpiece.obj) : warning LNK4099: 未找到 PDB“libprotobuf-lite.pdb”(使用“pkg.lib(stringpiece.obj)”或在“D:\src\FF\S\bin\Debug\libprotobuf-lite.pdb”中寻找)；正在链接对象，如同没有调试信息一样
pkg.lib(status.obj) : warning LNK4099: 未找到 PDB“libprotobuf-lite.pdb”(使用“pkg.lib(status.obj)”或在“D:\src\FF\S\bin\Debug\libprotobuf-lite.pdb”中寻找)；正在链接对象，如同没有调试信息一样
pkg.lib(once.obj) : warning LNK4099: 未找到 PDB“libprotobuf-lite.pdb”(使用“pkg.lib(once.obj)”或在“D:\src\FF\S\bin\Debug\libprotobuf-lite.pdb”中寻找)；正在链接对象，如同没有调试信息一样
pkg.lib(int128.obj) : warning LNK4099: 未找到 PDB“libprotobuf-lite.pdb”(使用“pkg.lib(int128.obj)”或在“D:\src\FF\S\bin\Debug\libprotobuf-lite.pdb”中寻找)；正在链接对象，如同没有调试信息一样
pkg.lib(common.obj) : warning LNK4099: 未找到 PDB“libprotobuf-lite.pdb”(使用“pkg.lib(common.obj)”或在“D:\src\FF\S\bin\Debug\libprotobuf-lite.pdb”中寻找)；正在链接对象，如同没有调试信息一样
pkg.lib(atomicops_internals_x86_msvc.obj) : warning LNK4099: 未找到 PDB“libprotobuf-lite.pdb”(使用“pkg.lib(atomicops_internals_x86_msvc.obj)”或在“D:\src\FF\S\bin\Debug\libprotobuf-lite.pdb”中寻找)；正在链接对象，如同没有调试信息一样
pkg.lib(message_lite.obj) : warning LNK4099: 未找到 PDB“libprotobuf-lite.pdb”(使用“pkg.lib(message_lite.obj)”或在“D:\src\FF\S\bin\Debug\libprotobuf-lite.pdb”中寻找)；正在链接对象，如同没有调试信息一样
pkg.lib(zero_copy_stream_impl_lite.obj) : warning LNK4099: 未找到 PDB“libprotobuf-lite.pdb”(使用“pkg.lib(zero_copy_stream_impl_lite.obj)”或在“D:\src\FF\S\bin\Debug\libprotobuf-lite.pdb”中寻找)；正在链接对象，如同没有调试信息一样
pkg.lib(zero_copy_stream.obj) : warning LNK4099: 未找到 PDB“libprotobuf-lite.pdb”(使用“pkg.lib(zero_copy_stream.obj)”或在“D:\src\FF\S\bin\Debug\libprotobuf-lite.pdb”中寻找)；正在链接对象，如同没有调试信息一样
pkg.lib(coded_stream.obj) : warning LNK4099: 未找到 PDB“libprotobuf-lite.pdb”(使用“pkg.lib(coded_stream.obj)”或在“D:\src\FF\S\bin\Debug\libprotobuf-lite.pdb”中寻找)；正在链接对象，如同没有调试信息一样
pkg.lib(generated_message_util.obj) : warning LNK4099: 未找到 PDB“libprotobuf-lite.pdb”(使用“pkg.lib(generated_message_util.obj)”或在“D:\src\FF\S\bin\Debug\libprotobuf-lite.pdb”中寻找)；正在链接对象，如同没有调试信息一样
pkg.lib(arenastring.obj) : warning LNK4099: 未找到 PDB“libprotobuf-lite.pdb”(使用“pkg.lib(arenastring.obj)”或在“D:\src\FF\S\bin\Debug\libprotobuf-lite.pdb”中寻找)；正在链接对象，如同没有调试信息一样
pkg.lib(arena.obj) : warning LNK4099: 未找到 PDB“libprotobuf-lite.pdb”(使用“pkg.lib(arena.obj)”或在“D:\src\FF\S\bin\Debug\libprotobuf-lite.pdb”中寻找)；正在链接对象，如同没有调试信息一样
  appcenter.vcxproj -> D:\src\FF\S\appcenter\..\bin\Debug\appcenter.exe
  appcenter.vcxproj -> ..\bin\Debug\appcenter.pdb (Partial PDB)
